<?xml version="1.0" encoding="UTF-8"?>
<testsuite xmlns:xsi="http://www.w3.org/2001/XMLSchema-instance" xsi:noNamespaceSchemaLocation="https://maven.apache.org/surefire/maven-surefire-plugin/xsd/surefire-test-report.xsd" version="3.0.2" name="com.cognizant.jpacomparison.JpaComparisonApplicationTests" time="5.62" tests="2" errors="0" skipped="0" failures="0">
  <properties>
[...]
</properties>
  <testcase name="testSpringDataJpaOperations" classname="com.cognizant.jpacomparison.JpaComparisonApplicationTests" time="0.673">
    <system-out><![CDATA[09:56:40.616 [main] INFO org.springframework.test.context.support.AnnotationConfigContextLoaderUtils -- Could not detect default configuration classes for test class [com.cognizant.jpacomparison.JpaComparisonApplicationTests]: JpaComparisonApplicationTests does not declare any static, non-private, non-final, nested classes annotated with @Configuration.
09:56:40.743 [main] INFO org.springframework.boot.test.context.SpringBootTestContextBootstrapper -- Found @SpringBootConfiguration com.cognizant.jpacomparison.JpaComparisonApplication for test class com.cognizant.jpacomparison.JpaComparisonApplicationTests
09:56:40.899 [main] INFO org.springframework.boot.devtools.restart.RestartApplicationListener -- Restart disabled due to context in which it is running

  .   ____          _            __ _ _
 /\\ / ___'_ __ _ _(_)_ __  __ _ \ \ \ \
( ( )\___ | '_ | '_| | '_ \/ _` | \ \ \ \
 \\/  ___)| |_)| | | | | || (_| |  ) ) ) )
  '  |____| .__|_| |_|_| |_\__, | / / / /
 =========|_|==============|___/=/_/_/_/

 :: Spring Boot ::                (v3.5.3)

04-07-25 09:56:41.441 main                  INFO omparisonApplicationTests               logStarting   53 Starting JpaComparisonApplicationTests using Java 21.0.7 with PID 5876 (started by User in D:\rp\codes\Java-FSE_DN-6425498\Week_3\Hands on 4\jpa-hibernate-springdata-comparison)
04-07-25 09:56:41.444 main                 DEBUG omparisonApplicationTests               logStarting   54 Running with Spring Boot v3.5.3, Spring v6.2.8
04-07-25 09:56:41.448 main                  INFO omparisonApplicationTests     logStartupProfileInfo  658 The following 1 profile is active: "test"
04-07-25 09:56:41.917 main                  INFO toryConfigurationDelegate    registerRepositoriesIn  145 Bootstrapping Spring Data JPA repositories in DEFAULT mode.
04-07-25 09:56:41.957 main                  INFO toryConfigurationDelegate    registerRepositoriesIn  213 Finished Spring Data repository scanning in 37 ms. Found 1 JPA repository interface.
04-07-25 09:56:42.392 main                  INFO o.h.j.i.util.LogHelper    logPersistenceUnitInformation   31 HHH000204: Processing PersistenceUnitInfo [name: default]
04-07-25 09:56:42.452 main                  INFO org.hibernate.Version                    logVersion   44 HHH000412: Hibernate ORM core version 6.6.18.Final
04-07-25 09:56:42.488 main                  INFO .i.RegionFactoryInitiator           initiateService   50 HHH000026: Second-level cache disabled
04-07-25 09:56:42.841 main                  INFO SpringPersistenceUnitInfo            addTransformer   87 No LoadTimeWeaver setup: ignoring JPA class transformer
04-07-25 09:56:42.868 main                  INFO c.z.h.HikariDataSource                getConnection  109 HikariPool-1 - Starting...
04-07-25 09:56:43.056 main                  INFO c.z.h.pool.HikariPool                 checkFailFast  575 HikariPool-1 - Added connection com.mysql.cj.jdbc.ConnectionImpl@aca3c85
04-07-25 09:56:43.061 main                  INFO c.z.h.HikariDataSource                getConnection  122 HikariPool-1 - Start completed.
04-07-25 09:56:43.106 main                  WARN o.h.orm.deprecation                constructDialect  153 HHH90000025: MySQL8Dialect does not need to be specified explicitly using 'hibernate.dialect' (remove the property setting and it will be selected by default)
04-07-25 09:56:43.106 main                  WARN o.h.orm.deprecation              logSelectedDialect  101 HHH90000026: MySQL8Dialect has been deprecated; use org.hibernate.dialect.MySQLDialect instead
04-07-25 09:56:43.133 main                  INFO o.h.o.connections.pooling         logConnectionInfo  163 HHH10001005: Database info:
	Database JDBC URL [Connecting through datasource 'HikariDataSource (HikariPool-1)']
	Database driver: undefined/unknown
	Database version: 8.0
	Autocommit mode: undefined/unknown
	Isolation level: undefined/unknown
	Minimum pool size: undefined/unknown
	Maximum pool size: undefined/unknown
04-07-25 09:56:43.142 main                 DEBUG h.t.d.s.s.DdlTypeRegistry             addDescriptor   64 addDescriptor(12, org.hibernate.type.descriptor.sql.internal.CapacityDependentDdlType@25de8898) replaced previous registration(org.hibernate.type.descriptor.sql.internal.CapacityDependentDdlType@bfb93cf)
04-07-25 09:56:43.149 main                 DEBUG h.t.d.s.s.DdlTypeRegistry             addDescriptor   64 addDescriptor(-9, org.hibernate.type.descriptor.sql.internal.CapacityDependentDdlType@dd737ea) replaced previous registration(org.hibernate.type.descriptor.sql.internal.CapacityDependentDdlType@7bc2ae16)
04-07-25 09:56:43.149 main                 DEBUG h.t.d.s.s.DdlTypeRegistry             addDescriptor   64 addDescriptor(-3, org.hibernate.type.descriptor.sql.internal.CapacityDependentDdlType@2a0963be) replaced previous registration(org.hibernate.type.descriptor.sql.internal.CapacityDependentDdlType@7d3bf8db)
04-07-25 09:56:43.149 main                 DEBUG h.t.d.s.s.DdlTypeRegistry             addDescriptor   64 addDescriptor(4003, org.hibernate.type.descriptor.sql.internal.DdlTypeImpl@49e7e8f1) replaced previous registration(org.hibernate.type.descriptor.sql.internal.DdlTypeImpl@27bb4dc5)
04-07-25 09:56:43.149 main                 DEBUG h.t.d.s.s.DdlTypeRegistry             addDescriptor   64 addDescriptor(4001, org.hibernate.type.descriptor.sql.internal.DdlTypeImpl@464ede1f) replaced previous registration(org.hibernate.type.descriptor.sql.internal.DdlTypeImpl@64910b2d)
04-07-25 09:56:43.149 main                 DEBUG h.t.d.s.s.DdlTypeRegistry             addDescriptor   64 addDescriptor(4002, org.hibernate.type.descriptor.sql.internal.DdlTypeImpl@1247c72e) replaced previous registration(org.hibernate.type.descriptor.sql.internal.DdlTypeImpl@6fef75c6)
04-07-25 09:56:43.149 main                 DEBUG h.t.d.s.s.DdlTypeRegistry             addDescriptor   64 addDescriptor(2004, org.hibernate.type.descriptor.sql.internal.CapacityDependentDdlType@5f61e002) replaced previous registration(org.hibernate.type.descriptor.sql.internal.DdlTypeImpl@334540a0)
04-07-25 09:56:43.151 main                 DEBUG h.t.d.s.s.DdlTypeRegistry             addDescriptor   64 addDescriptor(2005, org.hibernate.type.descriptor.sql.internal.CapacityDependentDdlType@1f179f51) replaced previous registration(org.hibernate.type.descriptor.sql.internal.DdlTypeImpl@b428830)
04-07-25 09:56:43.151 main                 DEBUG h.t.d.s.s.DdlTypeRegistry             addDescriptor   64 addDescriptor(2011, org.hibernate.type.descriptor.sql.internal.CapacityDependentDdlType@5b7308aa) replaced previous registration(org.hibernate.type.descriptor.sql.internal.DdlTypeImpl@42aa1324)
04-07-25 09:56:43.918 main                  INFO .p.i.JtaPlatformInitiator           initiateService   59 HHH000489: No JTA platform available (set 'hibernate.transaction.jta.platform' to enable JTA platform integration)
04-07-25 09:56:43.990 main                  INFO rEntityManagerFactoryBean buildNativeEntityManagerFactory  447 Initialized JPA EntityManagerFactory for persistence unit 'default'
04-07-25 09:56:44.286 main                  INFO .r.q.QueryEnhancerFactory                  <clinit>   49 Hibernate is in classpath; If applicable, HQL parser will be used.
04-07-25 09:56:45.402 main                  INFO omparisonApplicationTests                logStarted   59 Started JpaComparisonApplicationTests in 4.516 seconds (process running for 5.491)
04-07-25 09:56:45.910 main                 DEBUG org.hibernate.SQL                      logStatement  135 
    insert 
    into
        employees
        (emp_department, emp_email, emp_name, emp_salary) 
    values
        (?, ?, ?, ?)
Hibernate: 
    insert 
    into
        employees
        (emp_department, emp_email, emp_name, emp_salary) 
    values
        (?, ?, ?, ?)
04-07-25 09:56:45.973 main                 DEBUG org.hibernate.SQL                      logStatement  135 
    select
        e1_0.emp_id,
        e1_0.emp_department,
        e1_0.emp_email,
        e1_0.emp_name,
        e1_0.emp_salary 
    from
        employees e1_0 
    where
        e1_0.emp_id=?
Hibernate: 
    select
        e1_0.emp_id,
        e1_0.emp_department,
        e1_0.emp_email,
        e1_0.emp_name,
        e1_0.emp_salary 
    from
        employees e1_0 
    where
        e1_0.emp_id=?
04-07-25 09:56:45.996 main                 DEBUG org.hibernate.SQL                      logStatement  135 
    select
        e1_0.emp_id,
        e1_0.emp_department,
        e1_0.emp_email,
        e1_0.emp_name,
        e1_0.emp_salary 
    from
        employees e1_0 
    where
        e1_0.emp_id=?
Hibernate: 
    select
        e1_0.emp_id,
        e1_0.emp_department,
        e1_0.emp_email,
        e1_0.emp_name,
        e1_0.emp_salary 
    from
        employees e1_0 
    where
        e1_0.emp_id=?
04-07-25 09:56:46.005 main                 DEBUG org.hibernate.SQL                      logStatement  135 
    update
        employees 
    set
        emp_department=?,
        emp_email=?,
        emp_name=?,
        emp_salary=? 
    where
        emp_id=?
Hibernate: 
    update
        employees 
    set
        emp_department=?,
        emp_email=?,
        emp_name=?,
        emp_salary=? 
    where
        emp_id=?
04-07-25 09:56:46.052 main                 DEBUG org.hibernate.SQL                      logStatement  135 
    select
        e1_0.emp_id,
        e1_0.emp_department,
        e1_0.emp_email,
        e1_0.emp_name,
        e1_0.emp_salary 
    from
        employees e1_0 
    where
        e1_0.emp_department=?
Hibernate: 
    select
        e1_0.emp_id,
        e1_0.emp_department,
        e1_0.emp_email,
        e1_0.emp_name,
        e1_0.emp_salary 
    from
        employees e1_0 
    where
        e1_0.emp_department=?
04-07-25 09:56:46.056 main                 DEBUG org.hibernate.SQL                      logStatement  135 
    select
        e1_0.emp_id,
        e1_0.emp_department,
        e1_0.emp_email,
        e1_0.emp_name,
        e1_0.emp_salary 
    from
        employees e1_0 
    where
        e1_0.emp_id=?
Hibernate: 
    select
        e1_0.emp_id,
        e1_0.emp_department,
        e1_0.emp_email,
        e1_0.emp_name,
        e1_0.emp_salary 
    from
        employees e1_0 
    where
        e1_0.emp_id=?
04-07-25 09:56:46.065 main                 DEBUG org.hibernate.SQL                      logStatement  135 
    delete 
    from
        employees 
    where
        emp_id=?
Hibernate: 
    delete 
    from
        employees 
    where
        emp_id=?
04-07-25 09:56:46.071 main                 DEBUG org.hibernate.SQL                      logStatement  135 
    select
        e1_0.emp_id,
        e1_0.emp_department,
        e1_0.emp_email,
        e1_0.emp_name,
        e1_0.emp_salary 
    from
        employees e1_0 
    where
        e1_0.emp_id=?
Hibernate: 
    select
        e1_0.emp_id,
        e1_0.emp_department,
        e1_0.emp_email,
        e1_0.emp_name,
        e1_0.emp_salary 
    from
        employees e1_0 
    where
        e1_0.emp_id=?
]]></system-out>
    <system-err><![CDATA[Mockito is currently self-attaching to enable the inline-mock-maker. This will no longer work in future releases of the JDK. Please add Mockito as an agent to your build as described in Mockito's documentation: https://javadoc.io/doc/org.mockito/mockito-core/latest/org.mockito/org/mockito/Mockito.html#0.3
WARNING: A Java agent has been loaded dynamically (C:\Users\User\.m2\repository\net\bytebuddy\byte-buddy-agent\1.17.6\byte-buddy-agent-1.17.6.jar)
WARNING: If a serviceability tool is in use, please run with -XX:+EnableDynamicAgentLoading to hide this warning
WARNING: If a serviceability tool is not in use, please run with -Djdk.instrument.traceUsage for more information
WARNING: Dynamic loading of agents will be disallowed by default in a future release
]]></system-err>
  </testcase>
  <testcase name="contextLoads" classname="com.cognizant.jpacomparison.JpaComparisonApplicationTests" time="0.008"/>
</testsuite>