<?xml version="1.0" encoding="UTF-8"?>
<testsuite xmlns:xsi="http://www.w3.org/2001/XMLSchema-instance" xsi:noNamespaceSchemaLocation="https://maven.apache.org/surefire/maven-surefire-plugin/xsd/surefire-test-report-3.0.xsd" version="3.0" name="com.junit.DiscountCalculatorTest" time="0.079" tests="5" errors="0" skipped="0" failures="0">
  <properties>
[...]
</properties>
  <testcase name="testNegativePriceThrowsException" classname="com.junit.DiscountCalculatorTest" time="0.033">
    <system-out><![CDATA[Test Starting...
Test Finished.

]]></system-out>
  </testcase>
  <testcase name="testZeroDiscount" classname="com.junit.DiscountCalculatorTest" time="0.0">
    <system-out><![CDATA[Test Starting...
Test Finished.

]]></system-out>
  </testcase>
  <testcase name="testFullDiscount" classname="com.junit.DiscountCalculatorTest" time="0.002">
    <system-out><![CDATA[Test Starting...
Test Finished.

]]></system-out>
  </testcase>
  <testcase name="testValidDiscount" classname="com.junit.DiscountCalculatorTest" time="0.003">
    <system-out><![CDATA[Test Starting...
Test Finished.

]]></system-out>
  </testcase>
  <testcase name="testInvalidPercentageThrowsException" classname="com.junit.DiscountCalculatorTest" time="0.004">
    <system-out><![CDATA[Test Starting...
Test Finished.

]]></system-out>
  </testcase>
</testsuite>